This is pdfTeX, Version 3.141592653-2.6-1.40.25 (TeX Live 2023) (preloaded format=pdflatex 2024.2.14)  10 JUN 2024 14:43
entering extended mode
 restricted \write18 enabled.
 %&-line parsing enabled.
**figure_repartition_classification.tex
(./figure_repartition_classification.tex
LaTeX2e <2023-11-01> patch level 1
L3 programming layer <2024-01-22>
(c:/Users/ymaud/AppData/Roaming/TinyTeX/texmf-dist/tex/latex/base/article.cls
Document Class: article 2023/05/17 v1.4n Standard LaTeX document class
(c:/Users/ymaud/AppData/Roaming/TinyTeX/texmf-dist/tex/latex/base/size10.clo
File: size10.clo 2023/05/17 v1.4n Standard LaTeX file (size option)
)
\c@part=\count187
\c@section=\count188
\c@subsection=\count189
\c@subsubsection=\count190
\c@paragraph=\count191
\c@subparagraph=\count192
\c@figure=\count193
\c@table=\count194
\abovecaptionskip=\skip48
\belowcaptionskip=\skip49
\bibindent=\dimen140
) (c:/Users/ymaud/AppData/Roaming/TinyTeX/texmf-dist/tex/latex/tools/array.sty
Package: array 2023/10/16 v2.5g Tabular extension package (FMi)
\col@sep=\dimen141
\ar@mcellbox=\box51
\extrarowheight=\dimen142
\NC@list=\toks17
\extratabsurround=\skip50
\backup@length=\skip51
\ar@cellbox=\box52
) (c:/Users/ymaud/AppData/Roaming/TinyTeX/texmf-dist/tex/latex/booktabs/booktabs.sty
Package: booktabs 2020/01/12 v1.61803398 Publication quality tables
\heavyrulewidth=\dimen143
\lightrulewidth=\dimen144
\cmidrulewidth=\dimen145
\belowrulesep=\dimen146
\belowbottomsep=\dimen147
\aboverulesep=\dimen148
\abovetopsep=\dimen149
\cmidrulesep=\dimen150
\cmidrulekern=\dimen151
\defaultaddspace=\dimen152
\@cmidla=\count195
\@cmidlb=\count196
\@aboverulesep=\dimen153
\@belowrulesep=\dimen154
\@thisruleclass=\count197
\@lastruleclass=\count198
\@thisrulewidth=\dimen155
) (c:/Users/ymaud/AppData/Roaming/TinyTeX/texmf-dist/tex/latex/tools/longtable.sty
Package: longtable 2023-11-01 v4.19 Multi-page Table package (DPC)
\LTleft=\skip52
\LTright=\skip53
\LTpre=\skip54
\LTpost=\skip55
\LTchunksize=\count199
\LTcapwidth=\dimen156
\LT@head=\box53
\LT@firsthead=\box54
\LT@foot=\box55
\LT@lastfoot=\box56
\LT@gbox=\box57
\LT@cols=\count266
\LT@rows=\count267
\c@LT@tables=\count268
\c@LT@chunks=\count269
\LT@p@ftn=\toks18
) (c:/Users/ymaud/AppData/Roaming/TinyTeX/texmf-dist/tex/latex/caption/caption.sty
Package: caption 2023/08/05 v3.6o Customizing captions (AR)
 (c:/Users/ymaud/AppData/Roaming/TinyTeX/texmf-dist/tex/latex/caption/caption3.sty
Package: caption3 2023/07/31 v2.4d caption3 kernel (AR)
 (c:/Users/ymaud/AppData/Roaming/TinyTeX/texmf-dist/tex/latex/graphics/keyval.sty
Package: keyval 2022/05/29 v1.15 key=value parser (DPC)
\KV@toks@=\toks19
)
\caption@tempdima=\dimen157
\captionmargin=\dimen158
\caption@leftmargin=\dimen159
\caption@rightmargin=\dimen160
\caption@width=\dimen161
\caption@indent=\dimen162
\caption@parindent=\dimen163
\caption@hangindent=\dimen164
Package caption Info: Standard document class detected.
)
\c@caption@flags=\count270
\c@continuedfloat=\count271
Package caption Info: longtable package is loaded.
 (c:/Users/ymaud/AppData/Roaming/TinyTeX/texmf-dist/tex/latex/caption/ltcaption.sty
Package: ltcaption 2021/01/08 v1.4c longtable captions (AR)
)) (c:/Users/ymaud/AppData/Roaming/TinyTeX/texmf-dist/tex/latex/geometry/geometry.sty
Package: geometry 2020/01/02 v5.9 Page Geometry
 (c:/Users/ymaud/AppData/Roaming/TinyTeX/texmf-dist/tex/generic/iftex/ifvtex.sty
Package: ifvtex 2019/10/25 v1.7 ifvtex legacy package. Use iftex instead.
 (c:/Users/ymaud/AppData/Roaming/TinyTeX/texmf-dist/tex/generic/iftex/iftex.sty
Package: iftex 2022/02/03 v1.0f TeX engine tests
))
\Gm@cnth=\count272
\Gm@cntv=\count273
\c@Gm@tempcnt=\count274
\Gm@bindingoffset=\dimen165
\Gm@wd@mp=\dimen166
\Gm@odd@mp=\dimen167
\Gm@even@mp=\dimen168
\Gm@layoutwidth=\dimen169
\Gm@layoutheight=\dimen170
\Gm@layouthoffset=\dimen171
\Gm@layoutvoffset=\dimen172
\Gm@dimlist=\toks20
)
\holdLTleft=\skip56
\holdLTright=\skip57
 (c:/Users/ymaud/AppData/Roaming/TinyTeX/texmf-dist/tex/latex/l3backend/l3backend-pdftex.def
File: l3backend-pdftex.def 2024-01-04 L3 backend support: PDF output (pdfTeX)
\l__color_backend_stack_int=\count275
\l__pdf_internal_box=\box58
) (./figure_repartition_classification.aux)
\openout1 = `figure_repartition_classification.aux'.

LaTeX Font Info:    Checking defaults for OML/cmm/m/it on input line 18.
LaTeX Font Info:    ... okay on input line 18.
LaTeX Font Info:    Checking defaults for OMS/cmsy/m/n on input line 18.
LaTeX Font Info:    ... okay on input line 18.
LaTeX Font Info:    Checking defaults for OT1/cmr/m/n on input line 18.
LaTeX Font Info:    ... okay on input line 18.
LaTeX Font Info:    Checking defaults for T1/cmr/m/n on input line 18.
LaTeX Font Info:    ... okay on input line 18.
LaTeX Font Info:    Checking defaults for TS1/cmr/m/n on input line 18.
LaTeX Font Info:    ... okay on input line 18.
LaTeX Font Info:    Checking defaults for OMX/cmex/m/n on input line 18.
LaTeX Font Info:    ... okay on input line 18.
LaTeX Font Info:    Checking defaults for U/cmr/m/n on input line 18.
LaTeX Font Info:    ... okay on input line 18.
Package caption Info: Begin \AtBeginDocument code.
Package caption Info: End \AtBeginDocument code.

*geometry* driver: auto-detecting
*geometry* detected driver: pdftex
*geometry* verbose mode - [ preamble ] result:
* driver: pdftex
* paper: <default>
* layout: <same size as paper>
* layoutoffset:(h,v)=(0.0pt,0.0pt)
* modes: 
* h-part:(L,W,R)=(5.69046pt, 602.91408pt, 5.69046pt)
* v-part:(T,H,B)=(5.69046pt, 783.58907pt, 5.69046pt)
* \paperwidth=614.295pt
* \paperheight=794.96999pt
* \textwidth=602.91408pt
* \textheight=783.58907pt
* \oddsidemargin=-66.57953pt
* \evensidemargin=-66.57953pt
* \topmargin=-103.57953pt
* \headheight=12.0pt
* \headsep=25.0pt
* \topskip=10.0pt
* \footskip=30.0pt
* \marginparwidth=65.0pt
* \marginparsep=11.0pt
* \columnsep=10.0pt
* \skip\footins=9.0pt plus 4.0pt minus 2.0pt
* \hoffset=0.0pt
* \voffset=0.0pt
* \mag=1000
* \@twocolumnfalse
* \@twosidefalse
* \@mparswitchfalse
* \@reversemarginfalse
* (1in=72.27pt=25.4mm, 1cm=28.453pt)


Overfull \hbox (602.91408pt too wide) detected at line 25
[]
 []


Underfull \hbox (badness 10000) in paragraph at lines 27--27
[]|\OT1/cmr/bx/n/10 1.
 []


Underfull \hbox (badness 10000) in paragraph at lines 27--27
\OT1/cmr/bx/n/10 Pouv.
 []


Underfull \hbox (badness 10000) in paragraph at lines 27--27
[]|\OT1/cmr/bx/n/10 2.
 []


Underfull \hbox (badness 10000) in paragraph at lines 27--27
\OT1/cmr/bx/n/10 Prod.
 []


Underfull \hbox (badness 10000) in paragraph at lines 27--27
[]|\OT1/cmr/bx/n/10 4.
 []


Underfull \hbox (badness 10000) in paragraph at lines 27--27
\OT1/cmr/bx/n/10 D^^Sebats
 []


Overfull \hbox (2.90219pt too wide) in paragraph at lines 28--28
[]|\OT1/cmr/bx/n/10 8.March.
 []


Underfull \hbox (badness 10000) in paragraph at lines 28--28
[]|\OT1/cmr/bx/n/10 9.
 []


Underfull \hbox (badness 10000) in paragraph at lines 28--28
\OT1/cmr/bx/n/10 Dette.
 []


Overfull \hbox (8.20773pt too wide) in paragraph at lines 28--28
\OT1/cmr/bx/n/10 Pol.mon^^Se.| 
 []


Overfull \hbox (11.29417pt too wide) in alignment at lines 20--30
[] [] [] [] [] [] [] [] [] [] [] []
 []


Overfull \hbox (602.91408pt too wide) detected at line 31
[]
 []


Underfull \hbox (badness 10000) in paragraph at lines 33--33
[]|\OT1/cmr/bx/n/10 acheter-
 []


Overfull \hbox (5.34666pt too wide) in paragraph at lines 33--33
[]|\OT1/cmr/bx/n/10 produire-
 []


Underfull \hbox (badness 10000) in paragraph at lines 33--33
[]|\OT1/cmr/bx/n/10 salari^^Se-
 []


Underfull \hbox (badness 10000) in paragraph at lines 33--33
[]|\OT1/cmr/bx/n/10 d^^Seput^^Se-
 []


Overfull \hbox (10.88824pt too wide) in paragraph at lines 33--33
[]|\OT1/cmr/bx/n/10 municipal-
 []


Underfull \hbox (badness 10000) in paragraph at lines 33--33
[]|\OT1/cmr/bx/n/10 insee-
 []


Overfull \hbox (4.12442pt too wide) in paragraph at lines 33--33
\OT1/cmr/bx/n/10 atteindre| 
 []


Underfull \hbox (badness 10000) in paragraph at lines 33--33
[]|\OT1/cmr/bx/n/10 ukraine-
 []


Underfull \hbox (badness 10000) in paragraph at lines 33--33
[]|\OT1/cmr/bx/n/10 nasdaq-
 []


Underfull \hbox (badness 10000) in paragraph at lines 33--33
[]|\OT1/cmr/bx/n/10 dette-
 []


Underfull \hbox (badness 10000) in paragraph at lines 33--33
[]|\OT1/cmr/bx/n/10 taux-
 []


Overfull \hbox (11.29417pt too wide) in alignment at lines 30--35
[] [] [] [] [] [] [] [] [] [] [] []
 []


Overfull \hbox (11.29417pt too wide) in alignment at lines 35--38
[] [] [] [] [] [] [] [] [] [] [] []
 []


Overfull \hbox (11.29417pt too wide) in alignment at lines 38--40
[] [] [] [] [] [] [] [] [] [] [] []
 []


Overfull \hbox (2.45251pt too wide) in paragraph at lines 41--41
\OT1/cmr/m/n/10 2020|  
 []

LaTeX Font Info:    External font `cmex10' loaded for size
(Font)              <7> on input line 41.
LaTeX Font Info:    External font `cmex10' loaded for size
(Font)              <5> on input line 41.

Overfull \hbox (2.45251pt too wide) in paragraph at lines 42--42
\OT1/cmr/m/n/10 2020|  
 []


Overfull \hbox (2.45251pt too wide) in paragraph at lines 43--43
\OT1/cmr/m/n/10 2021|  
 []


Overfull \hbox (2.45251pt too wide) in paragraph at lines 44--44
\OT1/cmr/m/n/10 2021|  
 []


Overfull \hbox (2.45251pt too wide) in paragraph at lines 45--45
\OT1/cmr/m/n/10 2022|  
 []


Overfull \hbox (2.45251pt too wide) in paragraph at lines 46--46
\OT1/cmr/m/n/10 2022|  
 []


Overfull \hbox (2.45251pt too wide) in paragraph at lines 47--47
\OT1/cmr/m/n/10 2023|  
 []


Overfull \hbox (2.45251pt too wide) in paragraph at lines 48--48
\OT1/cmr/m/n/10 2023|  
 []


Overfull \hbox (11.29417pt too wide) in alignment at lines 40--50
[] [] [] [] [] [] [] [] [] [] [] []
 []


Overfull \hbox (15.0pt too wide) in paragraph at lines 52--57
[]$[]$ 
 []

[1

{c:/Users/ymaud/AppData/Roaming/TinyTeX/texmf-var/fonts/map/pdftex/updmap/pdftex.map}] (./figure_repartition_classification.aux)
 ***********
LaTeX2e <2023-11-01> patch level 1
L3 programming layer <2024-01-22>
 ***********
 ) 
Here is how much of TeX's memory you used:
 2681 strings out of 476182
 49122 string characters out of 5793842
 1951978 words of memory out of 5000000
 24726 multiletter control sequences out of 15000+600000
 559328 words of font info for 40 fonts, out of 8000000 for 9000
 14 hyphenation exceptions out of 8191
 57i,9n,65p,824b,413s stack positions out of 10000i,1000n,20000p,200000b,200000s
<c:/Users/ymaud/AppData/Roaming/TinyTeX/texmf-dist/fonts/type1/public/amsfonts/cm/cmbx10.pfb><c:/Users/ymaud/AppData/Roaming/TinyTeX/texmf-dist/fonts/type1/public/amsfonts/cm/cmbx12.pfb><c:/Users/ymaud/AppData/Roaming/TinyTeX/texmf-dist/fonts/type1/public/amsfonts/cm/cmmi10.pfb><c:/Users/ymaud/AppData/Roaming/TinyTeX/texmf-dist/fonts/type1/public/amsfonts/cm/cmr10.pfb>
Output written on figure_repartition_classification.pdf (1 page, 59535 bytes).
PDF statistics:
 28 PDF objects out of 1000 (max. 8388607)
 16 compressed objects within 1 object stream
 0 named destinations out of 1000 (max. 500000)
 1 words of extra memory for PDF output out of 10000 (max. 10000000)

