This is pdfTeX, Version 3.141592653-2.6-1.40.25 (TeX Live 2023) (preloaded format=pdflatex 2024.2.14)  10 JUN 2024 15:40
entering extended mode
 restricted \write18 enabled.
 %&-line parsing enabled.
**Repartition_classification_journal.tex
(./Repartition_classification_journal.tex
LaTeX2e <2023-11-01> patch level 1
L3 programming layer <2024-01-22>
(c:/Users/ymaud/AppData/Roaming/TinyTeX/texmf-dist/tex/latex/base/article.cls
Document Class: article 2023/05/17 v1.4n Standard LaTeX document class
(c:/Users/ymaud/AppData/Roaming/TinyTeX/texmf-dist/tex/latex/base/size10.clo
File: size10.clo 2023/05/17 v1.4n Standard LaTeX file (size option)
)
\c@part=\count187
\c@section=\count188
\c@subsection=\count189
\c@subsubsection=\count190
\c@paragraph=\count191
\c@subparagraph=\count192
\c@figure=\count193
\c@table=\count194
\abovecaptionskip=\skip48
\belowcaptionskip=\skip49
\bibindent=\dimen140
) (c:/Users/ymaud/AppData/Roaming/TinyTeX/texmf-dist/tex/latex/tools/array.sty
Package: array 2023/10/16 v2.5g Tabular extension package (FMi)
\col@sep=\dimen141
\ar@mcellbox=\box51
\extrarowheight=\dimen142
\NC@list=\toks17
\extratabsurround=\skip50
\backup@length=\skip51
\ar@cellbox=\box52
) (c:/Users/ymaud/AppData/Roaming/TinyTeX/texmf-dist/tex/latex/booktabs/booktabs.sty
Package: booktabs 2020/01/12 v1.61803398 Publication quality tables
\heavyrulewidth=\dimen143
\lightrulewidth=\dimen144
\cmidrulewidth=\dimen145
\belowrulesep=\dimen146
\belowbottomsep=\dimen147
\aboverulesep=\dimen148
\abovetopsep=\dimen149
\cmidrulesep=\dimen150
\cmidrulekern=\dimen151
\defaultaddspace=\dimen152
\@cmidla=\count195
\@cmidlb=\count196
\@aboverulesep=\dimen153
\@belowrulesep=\dimen154
\@thisruleclass=\count197
\@lastruleclass=\count198
\@thisrulewidth=\dimen155
) (c:/Users/ymaud/AppData/Roaming/TinyTeX/texmf-dist/tex/latex/tools/longtable.sty
Package: longtable 2023-11-01 v4.19 Multi-page Table package (DPC)
\LTleft=\skip52
\LTright=\skip53
\LTpre=\skip54
\LTpost=\skip55
\LTchunksize=\count199
\LTcapwidth=\dimen156
\LT@head=\box53
\LT@firsthead=\box54
\LT@foot=\box55
\LT@lastfoot=\box56
\LT@gbox=\box57
\LT@cols=\count266
\LT@rows=\count267
\c@LT@tables=\count268
\c@LT@chunks=\count269
\LT@p@ftn=\toks18
) (c:/Users/ymaud/AppData/Roaming/TinyTeX/texmf-dist/tex/latex/caption/caption.sty
Package: caption 2023/08/05 v3.6o Customizing captions (AR)
 (c:/Users/ymaud/AppData/Roaming/TinyTeX/texmf-dist/tex/latex/caption/caption3.sty
Package: caption3 2023/07/31 v2.4d caption3 kernel (AR)
 (c:/Users/ymaud/AppData/Roaming/TinyTeX/texmf-dist/tex/latex/graphics/keyval.sty
Package: keyval 2022/05/29 v1.15 key=value parser (DPC)
\KV@toks@=\toks19
)
\caption@tempdima=\dimen157
\captionmargin=\dimen158
\caption@leftmargin=\dimen159
\caption@rightmargin=\dimen160
\caption@width=\dimen161
\caption@indent=\dimen162
\caption@parindent=\dimen163
\caption@hangindent=\dimen164
Package caption Info: Standard document class detected.
)
\c@caption@flags=\count270
\c@continuedfloat=\count271
Package caption Info: longtable package is loaded.
 (c:/Users/ymaud/AppData/Roaming/TinyTeX/texmf-dist/tex/latex/caption/ltcaption.sty
Package: ltcaption 2021/01/08 v1.4c longtable captions (AR)
)) (c:/Users/ymaud/AppData/Roaming/TinyTeX/texmf-dist/tex/latex/geometry/geometry.sty
Package: geometry 2020/01/02 v5.9 Page Geometry
 (c:/Users/ymaud/AppData/Roaming/TinyTeX/texmf-dist/tex/generic/iftex/ifvtex.sty
Package: ifvtex 2019/10/25 v1.7 ifvtex legacy package. Use iftex instead.
 (c:/Users/ymaud/AppData/Roaming/TinyTeX/texmf-dist/tex/generic/iftex/iftex.sty
Package: iftex 2022/02/03 v1.0f TeX engine tests
))
\Gm@cnth=\count272
\Gm@cntv=\count273
\c@Gm@tempcnt=\count274
\Gm@bindingoffset=\dimen165
\Gm@wd@mp=\dimen166
\Gm@odd@mp=\dimen167
\Gm@even@mp=\dimen168
\Gm@layoutwidth=\dimen169
\Gm@layoutheight=\dimen170
\Gm@layouthoffset=\dimen171
\Gm@layoutvoffset=\dimen172
\Gm@dimlist=\toks20
) (c:/Users/ymaud/AppData/Roaming/TinyTeX/texmf-dist/tex/latex/pdflscape/pdflscape.sty
Package: pdflscape 2022-10-27 v0.13 Display of landscape pages in PDF
 (c:/Users/ymaud/AppData/Roaming/TinyTeX/texmf-dist/tex/latex/pdflscape/pdflscape-nometadata.sty
Package: pdflscape-nometadata 2022-10-28 v0.13 Display of landscape pages in PDF (HO)
 (c:/Users/ymaud/AppData/Roaming/TinyTeX/texmf-dist/tex/latex/graphics/lscape.sty
Package: lscape 2020/05/28 v3.02 Landscape Pages (DPC)
 (c:/Users/ymaud/AppData/Roaming/TinyTeX/texmf-dist/tex/latex/graphics/graphics.sty
Package: graphics 2022/03/10 v1.4e Standard LaTeX Graphics (DPC,SPQR)
 (c:/Users/ymaud/AppData/Roaming/TinyTeX/texmf-dist/tex/latex/graphics/trig.sty
Package: trig 2021/08/11 v1.11 sin cos tan (DPC)
) (c:/Users/ymaud/AppData/Roaming/TinyTeX/texmf-dist/tex/latex/graphics-cfg/graphics.cfg
File: graphics.cfg 2016/06/04 v1.11 sample graphics configuration
)
Package graphics Info: Driver file: pdftex.def on input line 107.
 (c:/Users/ymaud/AppData/Roaming/TinyTeX/texmf-dist/tex/latex/graphics-def/pdftex.def
File: pdftex.def 2022/09/22 v1.2b Graphics/color driver for pdftex
)))
Package pdflscape Info: Auto-detected driver: pdftex on input line 81.
))
\holdLTleft=\skip56
\holdLTright=\skip57
 (c:/Users/ymaud/AppData/Roaming/TinyTeX/texmf-dist/tex/latex/l3backend/l3backend-pdftex.def
File: l3backend-pdftex.def 2024-01-04 L3 backend support: PDF output (pdfTeX)
\l__color_backend_stack_int=\count275
\l__pdf_internal_box=\box58
) (./Repartition_classification_journal.aux)
\openout1 = `Repartition_classification_journal.aux'.

LaTeX Font Info:    Checking defaults for OML/cmm/m/it on input line 19.
LaTeX Font Info:    ... okay on input line 19.
LaTeX Font Info:    Checking defaults for OMS/cmsy/m/n on input line 19.
LaTeX Font Info:    ... okay on input line 19.
LaTeX Font Info:    Checking defaults for OT1/cmr/m/n on input line 19.
LaTeX Font Info:    ... okay on input line 19.
LaTeX Font Info:    Checking defaults for T1/cmr/m/n on input line 19.
LaTeX Font Info:    ... okay on input line 19.
LaTeX Font Info:    Checking defaults for TS1/cmr/m/n on input line 19.
LaTeX Font Info:    ... okay on input line 19.
LaTeX Font Info:    Checking defaults for OMX/cmex/m/n on input line 19.
LaTeX Font Info:    ... okay on input line 19.
LaTeX Font Info:    Checking defaults for U/cmr/m/n on input line 19.
LaTeX Font Info:    ... okay on input line 19.
Package caption Info: Begin \AtBeginDocument code.
Package caption Info: End \AtBeginDocument code.

*geometry* driver: auto-detecting
*geometry* detected driver: pdftex
*geometry* verbose mode - [ preamble ] result:
* driver: pdftex
* paper: <default>
* layout: <same size as paper>
* layoutoffset:(h,v)=(0.0pt,0.0pt)
* modes: 
* h-part:(L,W,R)=(5.69046pt, 602.91408pt, 5.69046pt)
* v-part:(T,H,B)=(5.69046pt, 783.58907pt, 5.69046pt)
* \paperwidth=614.295pt
* \paperheight=794.96999pt
* \textwidth=602.91408pt
* \textheight=783.58907pt
* \oddsidemargin=-66.57953pt
* \evensidemargin=-66.57953pt
* \topmargin=-103.57953pt
* \headheight=12.0pt
* \headsep=25.0pt
* \topskip=10.0pt
* \footskip=30.0pt
* \marginparwidth=65.0pt
* \marginparsep=11.0pt
* \columnsep=10.0pt
* \skip\footins=9.0pt plus 4.0pt minus 2.0pt
* \hoffset=0.0pt
* \voffset=0.0pt
* \mag=1000
* \@twocolumnfalse
* \@twosidefalse
* \@mparswitchfalse
* \@reversemarginfalse
* (1in=72.27pt=25.4mm, 1cm=28.453pt)

(c:/Users/ymaud/AppData/Roaming/TinyTeX/texmf-dist/tex/latex/epstopdf-pkg/epstopdf-base.sty
Package: epstopdf-base 2020-01-24 v2.11 Base part for package epstopdf
Package epstopdf-base Info: Redefining graphics rule for `.eps' on input line 485.
 (c:/Users/ymaud/AppData/Roaming/TinyTeX/texmf-dist/tex/latex/latexconfig/epstopdf-sys.cfg
File: epstopdf-sys.cfg 2010/07/13 v1.3 Configuration of (r)epstopdf for TeX Live
))
Overfull \hbox (783.58907pt too wide) detected at line 41
[]
 []


Underfull \hbox (badness 3919) in paragraph at lines 43--43
[]|\OT1/cmr/bx/n/9 1. Pouv.
 []


Underfull \hbox (badness 4353) in paragraph at lines 43--43
[]|\OT1/cmr/bx/n/9 2. Prod.
 []


Underfull \hbox (badness 1264) in paragraph at lines 43--43
[]|\OT1/cmr/bx/n/9 4. D^^Sebats
 []


Underfull \hbox (badness 1122) in paragraph at lines 43--43
[]|\OT1/cmr/bx/n/9 8. March.
 []


Underfull \hbox (badness 2573) in paragraph at lines 43--43
[]|\OT1/cmr/bx/n/9 9. Dette.
 []


Overfull \hbox (73.35945pt too wide) in alignment at lines 37--45
[] [] [] [] [] [] [] [] [] [] [] []
 []


Overfull \hbox (783.58907pt too wide) detected at line 46
[]
 []


Underfull \hbox (badness 3919) in paragraph at lines 48--48
[]|\OT1/cmr/bx/n/9 1. Pouv.
 []


Underfull \hbox (badness 4353) in paragraph at lines 48--48
[]|\OT1/cmr/bx/n/9 2. Prod.
 []


Underfull \hbox (badness 1264) in paragraph at lines 48--48
[]|\OT1/cmr/bx/n/9 4. D^^Sebats
 []


Underfull \hbox (badness 1122) in paragraph at lines 48--48
[]|\OT1/cmr/bx/n/9 8. March.
 []


Underfull \hbox (badness 2573) in paragraph at lines 48--48
[]|\OT1/cmr/bx/n/9 9. Dette.
 []


Overfull \hbox (73.35945pt too wide) in alignment at lines 45--50
[] [] [] [] [] [] [] [] [] [] [] []
 []


Overfull \hbox (73.35945pt too wide) in alignment at lines 50--53
[] [] [] [] [] [] [] [] [] [] [] []
 []


Overfull \hbox (73.35945pt too wide) in alignment at lines 53--55
[] [] [] [] [] [] [] [] [] [] [] []
 []

LaTeX Font Info:    External font `cmex10' loaded for size
(Font)              <9> on input line 57.
LaTeX Font Info:    External font `cmex10' loaded for size
(Font)              <6> on input line 57.
LaTeX Font Info:    External font `cmex10' loaded for size
(Font)              <5> on input line 57.

Overfull \hbox (73.35945pt too wide) in alignment at lines 55--74
[] [] [] [] [] [] [] [] [] [] [] []
 []


Underfull \hbox (badness 10000) in paragraph at lines 77--80

 []


Overfull \hbox (15.0pt too wide) in paragraph at lines 76--81
[]$[]$ 
 []

[1


{c:/Users/ymaud/AppData/Roaming/TinyTeX/texmf-var/fonts/map/pdftex/updmap/pdftex.map}] (./Repartition_classification_journal.aux)
 ***********
LaTeX2e <2023-11-01> patch level 1
L3 programming layer <2024-01-22>
 ***********
 ) 
Here is how much of TeX's memory you used:
 3191 strings out of 476182
 58202 string characters out of 5793842
 1969978 words of memory out of 5000000
 25198 multiletter control sequences out of 15000+600000
 561496 words of font info for 47 fonts, out of 8000000 for 9000
 14 hyphenation exceptions out of 8191
 89i,9n,95p,358b,486s stack positions out of 10000i,1000n,20000p,200000b,200000s
<c:/Users/ymaud/AppData/Roaming/TinyTeX/texmf-dist/fonts/type1/public/amsfonts/cm/cmbx12.pfb><c:/Users/ymaud/AppData/Roaming/TinyTeX/texmf-dist/fonts/type1/public/amsfonts/cm/cmbx9.pfb><c:/Users/ymaud/AppData/Roaming/TinyTeX/texmf-dist/fonts/type1/public/amsfonts/cm/cmmi9.pfb><c:/Users/ymaud/AppData/Roaming/TinyTeX/texmf-dist/fonts/type1/public/amsfonts/cm/cmr10.pfb><c:/Users/ymaud/AppData/Roaming/TinyTeX/texmf-dist/fonts/type1/public/amsfonts/cm/cmr9.pfb><c:/Users/ymaud/AppData/Roaming/TinyTeX/texmf-dist/fonts/type1/public/amsfonts/cm/cmti9.pfb>
Output written on Repartition_classification_journal.pdf (1 page, 77266 bytes).
PDF statistics:
 38 PDF objects out of 1000 (max. 8388607)
 22 compressed objects within 1 object stream
 0 named destinations out of 1000 (max. 500000)
 1 words of extra memory for PDF output out of 10000 (max. 10000000)

